# JRE version: Java(TM) SE Runtime Environment (17.0.6+9) (build 17.0.6+9-LTS-190)
# Java VM: Java HotSpot(TM) 64-Bit Server VM (17.0.6+9-LTS-190, mixed mode, emulated-client, sharing, tiered, compressed oops, compressed class ptrs, g1 gc, windows-amd64)
GC Precious Log:
 CPUs: 8 total, 8 available
 Memory: 32491M
 Large Page Support: Disabled
 NUMA Support: Disabled
 Compressed Oops: Enabled (Zero based)
 Heap Region Size: 4M
 Heap Min Capacity: 8M
 Heap Initial Capacity: 508M
 Heap Max Capacity: 8124M
 Pre-touch: Disabled
 Parallel Workers: 8
 Concurrent Workers: 2
 Concurrent Refinement Workers: 8
 Periodic GC: Disabled
Heap:
 garbage-first heap   total 319488K, used 229590K [0x0000000604400000, 0x0000000800000000)
  region size 4096K, 47 young (192512K), 3 survivors (12288K)
 Metaspace       used 72668K, committed 73344K, reserved 1114112K
  class space    used 10470K, committed 10816K, reserved 1048576K
GC Heap History (20 events):
Event: 3.975 GC heap after
{Heap after GC invocations=7 (full 0):
 garbage-first heap   total 122880K, used 34261K [0x0000000604400000, 0x0000000800000000)
  region size 4096K, 3 young (12288K), 3 survivors (12288K)
 Metaspace       used 28820K, committed 29184K, reserved 1081344K
  class space    used 4064K, committed 4224K, reserved 1048576K
}
Event: 4.052 GC heap before
{Heap before GC invocations=7 (full 0):
 garbage-first heap   total 122880K, used 38357K [0x0000000604400000, 0x0000000800000000)
  region size 4096K, 4 young (16384K), 3 survivors (12288K)
 Metaspace       used 29750K, committed 30144K, reserved 1081344K
  class space    used 4167K, committed 4352K, reserved 1048576K
}
Event: 4.058 GC heap after
{Heap after GC invocations=8 (full 0):
 garbage-first heap   total 122880K, used 35656K [0x0000000604400000, 0x0000000800000000)
  region size 4096K, 1 young (4096K), 1 survivors (4096K)
 Metaspace       used 29750K, committed 30144K, reserved 1081344K
  class space    used 4167K, committed 4352K, reserved 1048576K
}
Event: 4.466 GC heap before
{Heap before GC invocations=8 (full 0):
 garbage-first heap   total 122880K, used 80712K [0x0000000604400000, 0x0000000800000000)
  region size 4096K, 12 young (49152K), 1 survivors (4096K)
 Metaspace       used 35286K, committed 35840K, reserved 1081344K
  class space    used 4864K, committed 5120K, reserved 1048576K
}
Event: 4.470 GC heap after
{Heap after GC invocations=9 (full 0):
 garbage-first heap   total 323584K, used 37500K [0x0000000604400000, 0x0000000800000000)
  region size 4096K, 1 young (4096K), 1 survivors (4096K)
 Metaspace       used 35286K, committed 35840K, reserved 1081344K
  class space    used 4864K, committed 5120K, reserved 1048576K
}
Event: 4.474 GC heap before
{Heap before GC invocations=9 (full 0):
 garbage-first heap   total 323584K, used 37500K [0x0000000604400000, 0x0000000800000000)
  region size 4096K, 2 young (8192K), 1 survivors (4096K)
 Metaspace       used 35486K, committed 35968K, reserved 1081344K
  class space    used 4879K, committed 5120K, reserved 1048576K
}
Event: 4.477 GC heap after
{Heap after GC invocations=10 (full 0):
 garbage-first heap   total 323584K, used 37635K [0x0000000604400000, 0x0000000800000000)
  region size 4096K, 1 young (4096K), 1 survivors (4096K)
 Metaspace       used 35486K, committed 35968K, reserved 1081344K
  class space    used 4879K, committed 5120K, reserved 1048576K
}
Event: 5.684 GC heap before
{Heap before GC invocations=11 (full 0):
 garbage-first heap   total 151552K, used 123651K [0x0000000604400000, 0x0000000800000000)
  region size 4096K, 22 young (90112K), 1 survivors (4096K)
 Metaspace       used 53424K, committed 53888K, reserved 1097728K
  class space    used 7683K, committed 7936K, reserved 1048576K
}
Event: 5.702 GC heap after
{Heap after GC invocations=12 (full 0):
 garbage-first heap   total 151552K, used 41588K [0x0000000604400000, 0x0000000800000000)
  region size 4096K, 2 young (8192K), 2 survivors (8192K)
 Metaspace       used 53424K, committed 53888K, reserved 1097728K
  class space    used 7683K, committed 7936K, reserved 1048576K
}
Event: 5.757 GC heap before
{Heap before GC invocations=12 (full 0):
 garbage-first heap   total 151552K, used 41588K [0x0000000604400000, 0x0000000800000000)
  region size 4096K, 3 young (12288K), 2 survivors (8192K)
 Metaspace       used 54527K, committed 54976K, reserved 1097728K
  class space    used 7853K, committed 8064K, reserved 1048576K
}
Event: 5.813 GC heap after
{Heap after GC invocations=13 (full 0):
 garbage-first heap   total 151552K, used 42293K [0x0000000604400000, 0x0000000800000000)
  region size 4096K, 1 young (4096K), 1 survivors (4096K)
 Metaspace       used 54527K, committed 54976K, reserved 1097728K
  class space    used 7853K, committed 8064K, reserved 1048576K
}
Event: 6.137 GC heap before
{Heap before GC invocations=13 (full 0):
 garbage-first heap   total 151552K, used 58677K [0x0000000604400000, 0x0000000800000000)
  region size 4096K, 7 young (28672K), 1 survivors (4096K)
 Metaspace       used 60010K, committed 60480K, reserved 1105920K
  class space    used 8668K, committed 8896K, reserved 1048576K
}
Event: 6.140 GC heap after
{Heap after GC invocations=14 (full 0):
 garbage-first heap   total 151552K, used 43623K [0x0000000604400000, 0x0000000800000000)
  region size 4096K, 1 young (4096K), 1 survivors (4096K)
 Metaspace       used 60010K, committed 60480K, reserved 1105920K
  class space    used 8668K, committed 8896K, reserved 1048576K
}
Event: 6.694 GC heap before
{Heap before GC invocations=15 (full 0):
 garbage-first heap   total 151552K, used 113255K [0x0000000604400000, 0x0000000800000000)
  region size 4096K, 18 young (73728K), 1 survivors (4096K)
 Metaspace       used 67006K, committed 67584K, reserved 1114112K
  class space    used 9636K, committed 9920K, reserved 1048576K
}
Event: 6.701 GC heap after
{Heap after GC invocations=16 (full 0):
 garbage-first heap   total 319488K, used 52461K [0x0000000604400000, 0x0000000800000000)
  region size 4096K, 3 young (12288K), 3 survivors (12288K)
 Metaspace       used 67006K, committed 67584K, reserved 1114112K
  class space    used 9636K, committed 9920K, reserved 1048576K
}
Event: 6.928 GC heap before
{Heap before GC invocations=16 (full 0):
 garbage-first heap   total 319488K, used 224493K [0x0000000604400000, 0x0000000800000000)
  region size 4096K, 46 young (188416K), 3 survivors (12288K)
 Metaspace       used 67104K, committed 67648K, reserved 1114112K
  class space    used 9650K, committed 9920K, reserved 1048576K
}
Event: 6.932 GC heap after
{Heap after GC invocations=17 (full 0):
 garbage-first heap   total 319488K, used 49315K [0x0000000604400000, 0x0000000800000000)
  region size 4096K, 2 young (8192K), 2 survivors (8192K)
 Metaspace       used 67104K, committed 67648K, reserved 1114112K
  class space    used 9650K, committed 9920K, reserved 1048576K
}
Event: 7.162 GC heap before
{Heap before GC invocations=17 (full 0):
 garbage-first heap   total 319488K, used 225443K [0x0000000604400000, 0x0000000800000000)
  region size 4096K, 46 young (188416K), 2 survivors (8192K)
 Metaspace       used 67764K, committed 68288K, reserved 1114112K
  class space    used 9742K, committed 9984K, reserved 1048576K
}
Event: 7.166 GC heap after
{Heap after GC invocations=18 (full 0):
 garbage-first heap   total 319488K, used 49366K [0x0000000604400000, 0x0000000800000000)
  region size 4096K, 2 young (8192K), 2 survivors (8192K)
 Metaspace       used 67764K, committed 68288K, reserved 1114112K
  class space    used 9742K, committed 9984K, reserved 1048576K
}
Event: 1874.236 GC heap before
{Heap before GC invocations=18 (full 0):
 garbage-first heap   total 319488K, used 229590K [0x0000000604400000, 0x0000000800000000)
  region size 4096K, 46 young (188416K), 2 survivors (8192K)
 Metaspace       used 72668K, committed 73344K, reserved 1114112K
  class space    used 10470K, committed 10816K, reserved 1048576K
}

